<?xml version="1.0" encoding="UTF-8"?>
<!-- Generated by org.testng.reporters.JUnitReportReporter -->
<testsuite hostname="Kens-MacBook-Pro.local" failures="0" tests="8" name="Day1_Selenium.TestLogin" time="16.817" errors="0" timestamp="2022-02-26T15:44:13 EST" skipped="7">
  <testcase classname="Day1_Selenium.TestLogin" name="TestCase8" time="16.817"/>
  <system-out/>
  <testcase classname="Day1_Selenium.TestLogin" name="TestCase3">
    <skipped/>
  </testcase> <!-- TestCase3 -->
  <system-out/>
  <testcase classname="Day1_Selenium.TestLogin" name="TestCase2">
    <skipped/>
  </testcase> <!-- TestCase2 -->
  <system-out/>
  <testcase classname="Day1_Selenium.TestLogin" name="TestCase5">
    <skipped/>
  </testcase> <!-- TestCase5 -->
  <system-out/>
  <testcase classname="Day1_Selenium.TestLogin" name="TestCase4">
    <skipped/>
  </testcase> <!-- TestCase4 -->
  <system-out/>
  <testcase classname="Day1_Selenium.TestLogin" name="TestCase7">
    <skipped/>
  </testcase> <!-- TestCase7 -->
  <system-out/>
  <testcase classname="Day1_Selenium.TestLogin" name="TestCase6">
    <skipped/>
  </testcase> <!-- TestCase6 -->
  <system-out/>
  <testcase classname="Day1_Selenium.TestLogin" name="TestCase1">
    <skipped/>
  </testcase> <!-- TestCase1 -->
  <system-out/>
</testsuite> <!-- Day1_Selenium.TestLogin -->
