<?xml version="1.0" encoding="UTF-8"?>
<!-- Generated by org.testng.reporters.JUnitReportReporter -->
<testsuite hostname="Kens-MBP" failures="0" tests="4" name="Day10_TestNG.testingTestNGAnnotation" time="0.017" errors="0" timestamp="2022-02-24T21:02:40 EST" skipped="0">
  <testcase classname="Day10_TestNG.testingTestNGAnnotation" name="test1" time="0.008"/>
  <system-out/>
  <testcase classname="Day10_TestNG.testingTestNGAnnotation" name="test2" time="0.002"/>
  <system-out/>
  <testcase classname="Day10_TestNG.testingTestNGAnnotation" name="test3" time="0.003"/>
  <system-out/>
  <testcase classname="Day10_TestNG.testingTestNGAnnotation" name="test4" time="0.004"/>
  <system-out/>
</testsuite> <!-- Day10_TestNG.testingTestNGAnnotation -->
