<?xml version="1.0" encoding="UTF-8"?>
<!-- Generated by org.testng.reporters.JUnitReportReporter -->
<testsuite hostname="Kens-MacBook-Pro.local" failures="0" tests="3" name="Day1_Selenium.TestMyAccount" time="20.390" errors="0" timestamp="2022-03-06T23:24:04 EST" skipped="2">
  <testcase classname="Day1_Selenium.TestMyAccount" name="TestCase2" time="20.390"/>
  <system-out/>
  <testcase classname="Day1_Selenium.TestMyAccount" name="TestCase1">
    <skipped/>
  </testcase> <!-- TestCase1 -->
  <system-out/>
  <testcase classname="Day1_Selenium.TestMyAccount" name="TestCase3">
    <skipped/>
  </testcase> <!-- TestCase3 -->
  <system-out/>
</testsuite> <!-- Day1_Selenium.TestMyAccount -->
