<?xml version="1.0" encoding="UTF-8"?>
<!-- Generated by org.testng.reporters.JUnitReportReporter -->
<testsuite hostname="Kens-MacBook-Pro.local" failures="0" tests="5" name="Day1_Selenium.TestRegistration" time="18.498" errors="0" timestamp="2022-02-26T12:01:26 EST" skipped="4">
  <testcase classname="Day1_Selenium.TestRegistration" name="TestCase5" time="18.498"/>
  <system-out/>
  <testcase classname="Day1_Selenium.TestRegistration" name="TestCase3">
    <skipped/>
  </testcase> <!-- TestCase3 -->
  <system-out/>
  <testcase classname="Day1_Selenium.TestRegistration" name="TestCase2">
    <skipped/>
  </testcase> <!-- TestCase2 -->
  <system-out/>
  <testcase classname="Day1_Selenium.TestRegistration" name="TestCase1">
    <skipped/>
  </testcase> <!-- TestCase1 -->
  <system-out/>
  <testcase classname="Day1_Selenium.TestRegistration" name="TestCase4">
    <skipped/>
  </testcase> <!-- TestCase4 -->
  <system-out/>
</testsuite> <!-- Day1_Selenium.TestRegistration -->
