<?xml version="1.0" encoding="UTF-8"?>
<!-- Generated by org.testng.reporters.JUnitReportReporter -->
<testsuite hostname="Kens-MacBook-Pro.local" failures="0" tests="2" name="Day11_TestNG.parallelTest" time="8.941" errors="0" timestamp="2022-03-01T21:58:04 EST" skipped="0">
  <testcase classname="Day11_TestNG.parallelTest" name="SafariTest" time="3.464"/>
  <system-out/>
  <testcase classname="Day11_TestNG.parallelTest" name="ChromeTest" time="5.477"/>
  <system-out/>
</testsuite> <!-- Day11_TestNG.parallelTest -->
