<?xml version="1.0" encoding="UTF-8"?>
<!-- Generated by org.testng.reporters.JUnitReportReporter -->
<testsuite hostname="Kens-MBP" failures="0" tests="3" name="Day10_TestNG.groupTests" time="0.030" errors="0" timestamp="2022-02-24T21:47:08 EST" skipped="0">
  <testcase classname="Day10_TestNG.groupTests" name="test1" time="0.008"/>
  <system-out/>
  <testcase classname="Day10_TestNG.groupTests" name="test2" time="0.021"/>
  <system-out/>
  <testcase classname="Day10_TestNG.groupTests" name="test3" time="0.001"/>
  <system-out/>
</testsuite> <!-- Day10_TestNG.groupTests -->
