<?xml version="1.0" encoding="UTF-8"?>
<!-- Generated by org.testng.reporters.JUnitReportReporter -->
<testsuite hostname="Kens-MacBook-Pro.local" failures="0" tests="1" name="Day1_Selenium.TestShop" time="13.926" errors="0" timestamp="2022-03-06T23:43:58 EST" skipped="0">
  <testcase classname="Day1_Selenium.TestShop" name="TestCase1" time="13.926"/>
  <system-out/>
</testsuite> <!-- Day1_Selenium.TestShop -->
